1513303374320	geckodriver	INFO	geckodriver 0.19.0
1513303374338	geckodriver	INFO	Listening on 127.0.0.1:61993
1513303376477	mozrunner::runner	INFO	Running command: "D:\\Program Files\\Mozilla Firefox\\firefox.exe" "-marionette" "-profile" "C:\\Users\\ALLONS~1\\AppData\\Local\\Temp\\rust_mozprofile.zUDAljgOO42h"
1513303378550	Marionette	INFO	Enabled via --marionette
Unable to read VR Path Registry from C:\Users\allonshore\AppData\Local\openvr\openvrpaths.vrpath
[GPU 11232] WARNING: pipe error: 109: file c:/builds/moz2_slave/m-rel-w64-00000000000000000000/build/src/ipc/chromium/src/chrome/common/ipc_channel_win.cc, line 346
1513303381570	Marionette	INFO	Listening on port 62002
1513303381612	Marionette	INFO	Listening on port 62002
1513303381745	Marionette	WARN	TLS certificate errors will be ignored for this session
1513303381778	Marionette	DEBUG	loaded listener.js
1513303381835	Marionette	DEBUG	Received DOM event "beforeunload" for "about:blank"
1513303383424	Marionette	DEBUG	Received DOM event "pagehide" for "about:blank"
1513303383425	Marionette	DEBUG	Received DOM event "unload" for "about:blank"
1513303386512	Marionette	DEBUG	Received DOM event "DOMContentLoaded" for "https://www.python.org/"
1513303387329	Marionette	DEBUG	Received DOM event "pageshow" for "https://www.python.org/"
[GPU 11232] WARNING: pipe error: 109: file c:/builds/moz2_slave/m-rel-w64-00000000000000000000/build/src/ipc/chromium/src/chrome/common/ipc_channel_win.cc, line 346
[GPU 11232] WARNING: pipe error: 109: file c:/builds/moz2_slave/m-rel-w64-00000000000000000000/build/src/ipc/chromium/src/chrome/common/ipc_channel_win.cc, line 346
Unable to read VR Path Registry from C:\Users\allonshore\AppData\Local\openvr\openvrpaths.vrpath
[Parent 14060] WARNING: pipe error: 109: file c:/builds/moz2_slave/m-rel-w64-00000000000000000000/build/src/ipc/chromium/src/chrome/common/ipc_channel_win.cc, line 346
Unable to read VR Path Registry from C:\Users\allonshore\AppData\Local\openvr\openvrpaths.vrpath
[Child 13688] WARNING: pipe error: 109: file c:/builds/moz2_slave/m-rel-w64-00000000000000000000/build/src/ipc/chromium/src/chrome/common/ipc_channel_win.cc, line 346
[Child 13688] WARNING: pipe error: 109: file c:/builds/moz2_slave/m-rel-w64-00000000000000000000/build/src/ipc/chromium/src/chrome/common/ipc_channel_win.cc, line 346

###!!! [Child][MessageChannel::SendAndWait] Error: Channel error: cannot send/recv

3303436960	Marionette	INFO	Listening on port 62167
1513303437353	Marionette	WARN	TLS certificate errors will be ignored for this session
1513303437396	Marionette	DEBUG	loaded listener.js
1513303437423	Marionette	DEBUG	Received DOM event "beforeunload" for "about:blank"
1513303438748	Marionette	DEBUG	Received DOM event "pagehide" for "about:blank"
1513303438748	Marionette	DEBUG	Received DOM event "unload" for "about:blank"
1513303441499	Marionette	DEBUG	Received DOM event "DOMContentLoaded" for "https://www.python.org/"
1513303442516	Marionette	DEBUG	Received DOM event "pageshow" for "https://www.python.org/"
1513303487648	geckodriver	INFO	geckodriver 0.19.0
1513303487655	geckodriver	INFO	Listening on 127.0.0.1:62310
1513303489768	mozrunner::runner	INFO	Running command: "D:\\Program Files\\Mozilla Firefox\\firefox.exe" "-marionette" "-profile" "C:\\Users\\ALLONS~1\\AppData\\Local\\Temp\\rust_mozprofile.8tWfDzcUxKWX"
1513303490614	Marionette	INFO	Enabled via --marionette
Unable to read VR Path Registry from C:\Users\allonshore\AppData\Local\openvr\openvrpaths.vrpath
[Child 11792] WARNING: pipe error: 109: file c:/builds/moz2_slave/m-rel-w64-00000000000000000000/build/src/ipc/chromium/src/chrome/common/ipc_channel_win.cc, line 346
[Child 11792] WARNING: pipe error: 109: file c:/builds/moz2_slave/m-rel-w64-00000000000000000000/build/src/ipc/chromium/src/chrome/common/ipc_channel_win.cc, line 346
1513303492976	Marionette	INFO	Listening on port 62318
1513303492979	Marionette	INFO	Listening on port 62318
1513303493389	Marionette	WARN	TLS certificate errors will be ignored for this session
1513303493429	Marionette	DEBUG	loaded listener.js
1513303493450	Marionette	DEBUG	Received DOM event "beforeunload" for "about:blank"
1513303494668	Marionette	DEBUG	Received DOM event "pagehide" for "about:blank"
1513303494669	Marionette	DEBUG	Received DOM event "unload" for "about:blank"
1513303497511	Marionette	DEBUG	Received DOM event "DOMContentLoaded" for "https://www.python.org/"
1513303499083	Marionette	DEBUG	Received DOM event "pageshow" for "https://www.python.org/"
1513303528899	geckodriver	INFO	geckodriver 0.19.0
1513303528906	geckodriver	INFO	Listening on 127.0.0.1:62442
1513303531005	mozrunner::runner	INFO	Running command: "D:\\Program Files\\Mozilla Firefox\\firefox.exe" "-marionette" "-profile" "C:\\Users\\ALLONS~1\\AppData\\Local\\Temp\\rust_mozprofile.urAGTfm3OMEC"
Unable to read VR Path Registry from C:\Users\allonshore\AppData\Local\openvr\openvrpaths.vrpath
JavaScript error: jar:file:///D:/Program%20Files/Mozilla%20Firefox/omni.ja!/components/SanityTest.js, line 284: NS_ERROR_FILE_ACCESS_DENIED: Component returned failure code: 0x80520015 (NS_ERROR_FILE_ACCESS_DENIED) [nsIPrefService.savePrefFile]
1513303531749	Marionette	INFO	Enabled via --marionette
1513303534227	Marionette	INFO	Listening on port 62452
1513303534231	Marionette	INFO	Listening on port 62452
1513303534619	Marionette	WARN	TLS certificate errors will be ignored for this session
1513303534651	Marionette	DEBUG	loaded listener.js
1513303534677	Marionette	DEBUG	Received DOM event "beforeunload" for "about:blank"
1513303535707	Marionette	DEBUG	Received DOM event "pagehide" for "about:blank"
1513303535708	Marionette	DEBUG	Received DOM event "unload" for "about:blank"
1513303538271	Marionette	DEBUG	Received DOM event "DOMContentLoaded" for "https://www.python.org/"
1513303539444	Marionette	DEBUG	Received DOM event "pageshow" for "https://www.python.org/"
1513735883373	geckodriver	INFO	geckodriver 0.19.0
1513735883392	geckodriver	INFO	Listening on 127.0.0.1:54310
1513735885500	mozrunner::runner	INFO	Running command: "D:\\Program Files\\Mozilla Firefox\\firefox.exe" "-marionette" "-profile" "C:\\Users\\ALLONS~1\\AppData\\Local\\Temp\\rust_mozprofile.UZCnT4seMJMb"
Unable to read VR Path Registry from C:\Users\allonshore\AppData\Local\openvr\openvrpaths.vrpath
JavaScript error: jar:file:///D:/Program%20Files/Mozilla%20Firefox/omni.ja!/components/SanityTest.js, line 284: NS_ERROR_FILE_ACCESS_DENIED: Component returned failure code: 0x80520015 (NS_ERROR_FILE_ACCESS_DENIED) [nsIPrefService.savePrefFile]
1513735887261	Marionette	INFO	Enabled via --marionette
1513735891535	Marionette	INFO	Listening on port 54319
1513735891780	Marionette	INFO	Listening on port 54319
1513735891869	Marionette	WARN	TLS certificate errors will be ignored for this session
1513735891919	Marionette	DEBUG	loaded listener.js
1513735891980	Marionette	DEBUG	Received DOM event "beforeunload" for "about:blank"
1513735892158	Marionette	DEBUG	Received DOM event "pagehide" for "about:blank"
1513735892159	Marionette	DEBUG	Received DOM event "unload" for "about:blank"
1513735892766	Marionette	DEBUG	Received DOM event "DOMContentLoaded" for "https://www.baidu.com/"
1513735892870	Marionette	DEBUG	Received DOM event "pageshow" for "https://www.baidu.com/"
Unable to read VR Path Registry from C:\Users\allonshore\AppData\Local\openvr\openvrpaths.vrpath
JavaScript error: https://sp0.baidu.com/5a1Fazu8AA54nxGko9WTAnF6hhy/su?wd=u&json=1&p=3&sid=1441_21117_17001_25177_20927&req=2&csor=1&cb=jQuery110206880225549068473_1513735892625&_=1513735892627, line 1: TypeError: jQuery110206880225549068473_1513735892625 is not a function
JavaScript error: https://sp0.baidu.com/5a1Fazu8AA54nxGko9WTAnF6hhy/su?wd=unit&json=1&p=3&sid=1441_21117_17001_25177_20927&req=2&csor=4&pwd=uni&cb=jQuery110206880225549068473_1513735892625&_=1513735892630, line 1: TypeError: jQuery110206880225549068473_1513735892625 is not a function
JavaScript error: https://sp0.baidu.com/5a1Fazu8AA54nxGko9WTAnF6hhy/su?wd=un&json=1&p=3&sid=1441_21117_17001_25177_20927&req=2&csor=2&pwd=u&cb=jQuery110206880225549068473_1513735892625&_=1513735892628, line 1: TypeError: jQuery110206880225549068473_1513735892625 is not a function
JavaScript error: https://sp0.baidu.com/5a1Fazu8AA54nxGko9WTAnF6hhy/su?wd=uni&json=1&p=3&sid=1441_21117_17001_25177_20927&req=2&csor=3&pwd=un&cb=jQuery110206880225549068473_1513735892625&_=1513735892629, line 1: TypeError: jQuery110206880225549068473_1513735892625 is not a function
JavaScript error: https://sp0.baidu.com/5a1Fazu8AA54nxGko9WTAnF6hhy/su?wd=unitt&json=1&p=3&sid=1441_21117_17001_25177_20927&req=2&csor=5&pwd=unit&cb=jQuery110206880225549068473_1513735892625&_=1513735892631, line 1: TypeError: jQuery110206880225549068473_1513735892625 is not a function
JavaScript error: https://sp0.baidu.com/5a1Fazu8AA54nxGko9WTAnF6hhy/su?wd=unitte&json=1&p=3&sid=1441_21117_17001_25177_20927&req=2&csor=6&pwd=unitt&cb=jQuery110206880225549068473_1513735892625&_=1513735892632, line 1: TypeError: jQuery110206880225549068473_1513735892625 is not a function
JavaScript error: https://sp0.baidu.com/5a1Fazu8AA54nxGko9WTAnF6hhy/su?wd=unittest&json=1&p=3&sid=1441_21117_17001_25177_20927&req=2&csor=8&pwd=unittes&cb=jQuery110206880225549068473_1513735892625&_=1513735892634, line 1: TypeError: jQuery110206880225549068473_1513735892625 is not a function
JavaScript error: https://sp0.baidu.com/5a1Fazu8AA54nxGko9WTAnF6hhy/su?wd=unittes&json=1&p=3&sid=1441_21117_17001_25177_20927&req=2&csor=7&pwd=unitte&cb=jQuery110206880225549068473_1513735892625&_=1513735892633, line 1: TypeError: jQuery110206880225549068473_1513735892625 is not a function
1513735893388	Marionette	DEBUG	Canceled page load listener because no navigation has been detected
1513735896421	Marionette	INFO	New connections will no longer be accepted
1513735918654	geckodriver	INFO	geckodriver 0.19.0
1513735918661	geckodriver	INFO	Listening on 127.0.0.1:54436
1513735920755	mozrunner::runner	INFO	Running command: "D:\\Program Files\\Mozilla Firefox\\firefox.exe" "-marionette" "-profile" "C:\\Users\\ALLONS~1\\AppData\\Local\\Temp\\rust_mozprofile.JjveL9d97Ryz"
1513735922294	Marionette	INFO	Enabled via --marionette
Unable to read VR Path Registry from C:\Users\allonshore\AppData\Local\openvr\openvrpaths.vrpath
[GPU 5764] WARNING: pipe error: 109: file c:/builds/moz2_slave/m-rel-w64-00000000000000000000/build/src/ipc/chromium/src/chrome/common/ipc_channel_win.cc, line 346
1513735924855	Marionette	INFO	Listening on port 54444
1513735924860	Marionette	INFO	Listening on port 54444
1513735924876	Marionette	WARN	TLS certificate errors will be ignored for this session
1513735924907	Marionette	DEBUG	loaded listener.js
1513735924936	Marionette	DEBUG	Received DOM event "beforeunload" for "about:blank"
1513735925033	Marionette	DEBUG	Received DOM event "pagehide" for "about:blank"
1513735925033	Marionette	DEBUG	Received DOM event "unload" for "about:blank"
Unable to read VR Path Registry from C:\Users\allonshore\AppData\Local\openvr\openvrpaths.vrpath
JavaScript error: https://ss1.bdstatic.com/5eN1bjq8AAUYm2zgoY3K/r/www/cache/static/protocol/https/plugins/every_cookie_4644b13.js, line 4: ReferenceError: c is not defined
1513735925250	Marionette	DEBUG	Received DOM event "DOMContentLoaded" for "https://www.baidu.com/"
1513735925320	Marionette	DEBUG	Received DOM event "pageshow" for "https://www.baidu.com/"
JavaScript error: https://sp0.baidu.com/5a1Fazu8AA54nxGko9WTAnF6hhy/su?wd=un&json=1&p=3&sid=25354_1448_13550_21081_17001_25178_22159&req=2&csor=2&pwd=u&cb=jQuery110204865959360989801_1513735925158&_=1513735925161, line 1: TypeError: jQuery110204865959360989801_1513735925158 is not a function
JavaScript error: https://sp0.baidu.com/5a1Fazu8AA54nxGko9WTAnF6hhy/su?wd=u&json=1&p=3&sid=25354_1448_13550_21081_17001_25178_22159&req=2&csor=1&cb=jQuery110204865959360989801_1513735925158&_=1513735925160, line 1: TypeError: jQuery110204865959360989801_1513735925158 is not a function
JavaScript error: https://sp0.baidu.com/5a1Fazu8AA54nxGko9WTAnF6hhy/su?wd=uni&json=1&p=3&sid=25354_1448_13550_21081_17001_25178_22159&req=2&csor=3&pwd=un&cb=jQuery110204865959360989801_1513735925158&_=1513735925162, line 1: TypeError: jQuery110204865959360989801_1513735925158 is not a function
JavaScript error: https://sp0.baidu.com/5a1Fazu8AA54nxGko9WTAnF6hhy/su?wd=unittes&json=1&p=3&sid=25354_1448_13550_21081_17001_25178_22159&req=2&csor=7&pwd=unitte&cb=jQuery110204865959360989801_1513735925158&_=1513735925166, line 1: TypeError: jQuery110204865959360989801_1513735925158 is not a function
JavaScript error: https://sp0.baidu.com/5a1Fazu8AA54nxGko9WTAnF6hhy/su?wd=unit&json=1&p=3&sid=25354_1448_13550_21081_17001_25178_22159&req=2&csor=4&pwd=uni&cb=jQuery110204865959360989801_1513735925158&_=1513735925163, line 1: TypeError: jQuery110204865959360989801_1513735925158 is not a function
JavaScript error: https://sp0.baidu.com/5a1Fazu8AA54nxGko9WTAnF6hhy/su?wd=unitt&json=1&p=3&sid=25354_1448_13550_21081_17001_25178_22159&req=2&csor=5&pwd=unit&cb=jQuery110204865959360989801_1513735925158&_=1513735925164, line 1: TypeError: jQuery110204865959360989801_1513735925158 is not a function
JavaScript error: https://sp0.baidu.com/5a1Fazu8AA54nxGko9WTAnF6hhy/su?wd=unittest&json=1&p=3&sid=25354_1448_13550_21081_17001_25178_22159&req=2&csor=8&pwd=unittes&cb=jQuery110204865959360989801_1513735925158&_=1513735925167, line 1: TypeError: jQuery110204865959360989801_1513735925158 is not a function
JavaScript error: https://sp0.baidu.com/5a1Fazu8AA54nxGko9WTAnF6hhy/su?wd=unitte&json=1&p=3&sid=25354_1448_13550_21081_17001_25178_22159&req=2&csor=6&pwd=unitt&cb=jQuery110204865959360989801_1513735925158&_=1513735925165, line 1: TypeError: jQuery110204865959360989801_1513735925158 is not a function
1513735925757	Marionette	DEBUG	Canceled page load listener because no navigation has been detected
1513735928773	Marionette	INFO	New connections will no longer be accepted
