1513737372024	geckodriver	INFO	geckodriver 0.19.0
1513737372031	geckodriver	INFO	Listening on 127.0.0.1:57225
1513737374123	mozrunner::runner	INFO	Running command: "D:\\Program Files\\Mozilla Firefox\\firefox.exe" "-marionette" "-profile" "C:\\Users\\ALLONS~1\\AppData\\Local\\Temp\\rust_mozprofile.PD2M6Fu5tqID"
1513737375549	Marionette	INFO	Enabled via --marionette
Unable to read VR Path Registry from C:\Users\allonshore\AppData\Local\openvr\openvrpaths.vrpath
[GPU 212] WARNING: pipe error: 109: file c:/builds/moz2_slave/m-rel-w64-00000000000000000000/build/src/ipc/chromium/src/chrome/common/ipc_channel_win.cc, line 346
1513737378333	Marionette	INFO	Listening on port 57233
1513737378338	Marionette	INFO	Listening on port 57233
1513737379344	Marionette	WARN	TLS certificate errors will be ignored for this session
1513737379386	Marionette	DEBUG	loaded listener.js
1513737379415	Marionette	DEBUG	Received DOM event "beforeunload" for "about:blank"
1513737379546	Marionette	DEBUG	Received DOM event "pagehide" for "about:blank"
1513737379546	Marionette	DEBUG	Received DOM event "unload" for "about:blank"
Unable to read VR Path Registry from C:\Users\allonshore\AppData\Local\openvr\openvrpaths.vrpath
JavaScript error: https://ss1.bdstatic.com/5eN1bjq8AAUYm2zgoY3K/r/www/cache/static/protocol/https/plugins/every_cookie_4644b13.js, line 4: ReferenceError: c is not defined
1513737379789	Marionette	DEBUG	Received DOM event "DOMContentLoaded" for "https://www.baidu.com/"
1513737379843	Marionette	DEBUG	Received DOM event "pageshow" for "https://www.baidu.com/"
JavaScript error: https://sp0.baidu.com/5a1Fazu8AA54nxGko9WTAnF6hhy/su?wd=u&json=1&p=3&sid=1436_13702_21109_18560_17001_25177_20718&req=2&csor=1&cb=jQuery1102007972589197715785_1513737379707&_=1513737379709, line 1: TypeError: jQuery1102007972589197715785_1513737379707 is not a function
JavaScript error: https://sp0.baidu.com/5a1Fazu8AA54nxGko9WTAnF6hhy/su?wd=un&json=1&p=3&sid=1436_13702_21109_18560_17001_25177_20718&req=2&csor=2&pwd=u&cb=jQuery1102007972589197715785_1513737379707&_=1513737379710, line 1: TypeError: jQuery1102007972589197715785_1513737379707 is not a function
JavaScript error: https://sp0.baidu.com/5a1Fazu8AA54nxGko9WTAnF6hhy/su?wd=uni&json=1&p=3&sid=1436_13702_21109_18560_17001_25177_20718&req=2&csor=3&pwd=un&cb=jQuery1102007972589197715785_1513737379707&_=1513737379711, line 1: TypeError: jQuery1102007972589197715785_1513737379707 is not a function
JavaScript error: https://sp0.baidu.com/5a1Fazu8AA54nxGko9WTAnF6hhy/su?wd=unittes&json=1&p=3&sid=1436_13702_21109_18560_17001_25177_20718&req=2&csor=7&pwd=unitte&cb=jQuery1102007972589197715785_1513737379707&_=1513737379715, line 1: TypeError: jQuery1102007972589197715785_1513737379707 is not a function
JavaScript error: https://sp0.baidu.com/5a1Fazu8AA54nxGko9WTAnF6hhy/su?wd=unit&json=1&p=3&sid=1436_13702_21109_18560_17001_25177_20718&req=2&csor=4&pwd=uni&cb=jQuery1102007972589197715785_1513737379707&_=1513737379712, line 1: TypeError: jQuery1102007972589197715785_1513737379707 is not a function
JavaScript error: https://sp0.baidu.com/5a1Fazu8AA54nxGko9WTAnF6hhy/su?wd=unitte&json=1&p=3&sid=1436_13702_21109_18560_17001_25177_20718&req=2&csor=6&pwd=unitt&cb=jQuery1102007972589197715785_1513737379707&_=1513737379714, line 1: TypeError: jQuery1102007972589197715785_1513737379707 is not a function
JavaScript error: https://sp0.baidu.com/5a1Fazu8AA54nxGko9WTAnF6hhy/su?wd=unittest&json=1&p=3&sid=1436_13702_21109_18560_17001_25177_20718&req=2&csor=8&pwd=unittes&cb=jQuery1102007972589197715785_1513737379707&_=1513737379716, line 1: TypeError: jQuery1102007972589197715785_1513737379707 is not a function
JavaScript error: https://sp0.baidu.com/5a1Fazu8AA54nxGko9WTAnF6hhy/su?wd=unitt&json=1&p=3&sid=1436_13702_21109_18560_17001_25177_20718&req=2&csor=5&pwd=unit&cb=jQuery1102007972589197715785_1513737379707&_=1513737379713, line 1: TypeError: jQuery1102007972589197715785_1513737379707 is not a function
1513737380237	Marionette	DEBUG	Canceled page load listener because no navigation has been detected
1513737383255	Marionette	INFO	New connections will no longer be accepted
1513737383623	geckodriver	INFO	geckodriver 0.19.0
1513737383631	geckodriver	INFO	Listening on 127.0.0.1:57306
1513737385713	mozrunner::runner	INFO	Running command: "D:\\Program Files\\Mozilla Firefox\\firefox.exe" "-marionette" "-profile" "C:\\Users\\ALLONS~1\\AppData\\Local\\Temp\\rust_mozprofile.bRM6ThqTZWDv"
1513737386605	Marionette	INFO	Enabled via --marionette
Unable to read VR Path Registry from C:\Users\allonshore\AppData\Local\openvr\openvrpaths.vrpath
[GPU 5584] WARNING: pipe error: 109: file c:/builds/moz2_slave/m-rel-w64-00000000000000000000/build/src/ipc/chromium/src/chrome/common/ipc_channel_win.cc, line 346
Unable to read VR Path Registry from C:\Users\allonshore\AppData\Local\openvr\openvrpaths.vrpath
[Child 15532] WARNING: pipe error: 109: file c:/builds/moz2_slave/m-rel-w64-00000000000000000000/build/src/ipc/chromium/src/chrome/common/ipc_channel_win.cc, line 346
1513737388955	Marionette	INFO	Listening on port 57316
1513737388963	Marionette	INFO	Listening on port 57316
1513737389344	Marionette	WARN	TLS certificate errors will be ignored for this session
1513737389392	Marionette	DEBUG	loaded listener.js
1513737389419	Marionette	DEBUG	Received DOM event "beforeunload" for "about:blank"
1513737389518	Marionette	DEBUG	Received DOM event "pagehide" for "about:blank"
1513737389519	Marionette	DEBUG	Received DOM event "unload" for "about:blank"
1513737390102	Marionette	DEBUG	Received DOM event "DOMContentLoaded" for "http://www.youdao.com/"
1513737390344	Marionette	DEBUG	Received DOM event "DOMContentLoaded" for "https://c.youdao.com/www/banner.html"
1513737390386	Marionette	DEBUG	Received DOM event "pageshow" for "https://c.youdao.com/www/banner.html"
1513737390835	Marionette	DEBUG	Received DOM event "pageshow" for "http://www.youdao.com/"
1513737394002	Marionette	INFO	New connections will no longer be accepted
1513737475276	geckodriver	INFO	geckodriver 0.19.0
1513737475283	geckodriver	INFO	Listening on 127.0.0.1:57553
1513737477348	mozrunner::runner	INFO	Running command: "D:\\Program Files\\Mozilla Firefox\\firefox.exe" "-marionette" "-profile" "C:\\Users\\ALLONS~1\\AppData\\Local\\Temp\\rust_mozprofile.WFOOTzrN9w7X"
1513737478299	Marionette	INFO	Enabled via --marionette
Unable to read VR Path Registry from C:\Users\allonshore\AppData\Local\openvr\openvrpaths.vrpath
[GPU 12616] WARNING: pipe error: 109: file c:/builds/moz2_slave/m-rel-w64-00000000000000000000/build/src/ipc/chromium/src/chrome/common/ipc_channel_win.cc, line 346
Unable to read VR Path Registry from C:\Users\allonshore\AppData\Local\openvr\openvrpaths.vrpath
[Child 9720] WARNING: pipe error: 109: file c:/builds/moz2_slave/m-rel-w64-00000000000000000000/build/src/ipc/chromium/src/chrome/common/ipc_channel_win.cc, line 346
[Child 9720] WARNING: pipe error: 109: file c:/builds/moz2_slave/m-rel-w64-00000000000000000000/build/src/ipc/chromium/src/chrome/common/ipc_channel_win.cc, line 346
1513737480746	Marionette	INFO	Listening on port 57563
1513737480821	Marionette	INFO	Listening on port 57563
1513737480969	Marionette	WARN	TLS certificate errors will be ignored for this session
1513737481000	Marionette	DEBUG	loaded listener.js
1513737481029	Marionette	DEBUG	Received DOM event "beforeunload" for "about:blank"
1513737481115	Marionette	DEBUG	Received DOM event "pagehide" for "about:blank"
1513737481115	Marionette	DEBUG	Received DOM event "unload" for "about:blank"
1513737481752	Marionette	DEBUG	Received DOM event "DOMContentLoaded" for "http://www.youdao.com/"
1513737481852	Marionette	DEBUG	Received DOM event "DOMContentLoaded" for "https://c.youdao.com/www/banner.html"
1513737481895	Marionette	DEBUG	Received DOM event "pageshow" for "https://c.youdao.com/www/banner.html"
1513737484161	Marionette	DEBUG	Received DOM event "pageshow" for "http://www.youdao.com/"
1513737487310	Marionette	INFO	New connections will no longer be accepted
1513748599068	geckodriver	INFO	geckodriver 0.19.0
1513748599075	geckodriver	INFO	Listening on 127.0.0.1:58933
1513748601156	mozrunner::runner	INFO	Running command: "D:\\Program Files\\Mozilla Firefox\\firefox.exe" "-marionette" "-profile" "C:\\Users\\ALLONS~1\\AppData\\Local\\Temp\\rust_mozprofile.qFl0hpzpGIRM"
1513748602854	Marionette	INFO	Enabled via --marionette
Unable to read VR Path Registry from C:\Users\allonshore\AppData\Local\openvr\openvrpaths.vrpath
[GPU 11592] WARNING: pipe error: 109: file c:/builds/moz2_slave/m-rel-w64-00000000000000000000/build/src/ipc/chromium/src/chrome/common/ipc_channel_win.cc, line 346
Unable to read VR Path Registry from C:\Users\allonshore\AppData\Local\openvr\openvrpaths.vrpath
[Parent 15604] WARNING: pipe error: 109: file c:/builds/moz2_slave/m-rel-w64-00000000000000000000/build/src/ipc/chromium/src/chrome/common/ipc_channel_win.cc, line 346
Unable to read VR Path Registry from C:\Users\allonshore\AppData\Local\openvr\openvrpaths.vrpath
[Child 15464] WARNING: pipe error: 109: file c:/builds/moz2_slave/m-rel-w64-00000000000000000000/build/src/ipc/chromium/src/chrome/common/ipc_channel_win.cc, line 346
[Child 15464] WARNING: pipe error: 109: file c:/builds/moz2_slave/m-rel-w64-00000000000000000000/build/src/ipc/chromium/src/chrome/common/ipc_channel_win.cc, line 346
1513748606350	Marionette	INFO	Listening on port 58943
1513748606374	Marionette	INFO	Listening on port 58943
1513748606380	Marionette	WARN	TLS certificate errors will be ignored for this session
1513748606413	Marionette	DEBUG	loaded listener.js
1513748606444	Marionette	DEBUG	Received DOM event "beforeunload" for "about:blank"
1513748606549	Marionette	DEBUG	Received DOM event "pagehide" for "about:blank"
1513748606549	Marionette	DEBUG	Received DOM event "unload" for "about:blank"
1513748607221	Marionette	DEBUG	Received DOM event "DOMContentLoaded" for "http://www.youdao.com/"
1513748607295	Marionette	DEBUG	Received DOM event "DOMContentLoaded" for "https://c.youdao.com/www/banner.html"
1513748607382	Marionette	DEBUG	Received DOM event "pageshow" for "https://c.youdao.com/www/banner.html"
1513748607888	Marionette	DEBUG	Received DOM event "pageshow" for "http://www.youdao.com/"
1513748611049	Marionette	INFO	New connections will no longer be accepted
